0 info it worked if it ends with ok
1 verbose cli [ '/home/david_cf/.nvm/versions/io.js/v2.5.0/bin/iojs',
1 verbose cli   '/home/david_cf/.nvm/versions/io.js/v2.5.0/bin/npm',
1 verbose cli   'run',
1 verbose cli   'start' ]
2 info using npm@2.13.2
3 info using node@v2.5.0
4 verbose run-script [ 'prestart', 'start', 'poststart' ]
5 info prestart comet_back@1.0.0
6 info start comet_back@1.0.0
7 verbose unsafe-perm in lifecycle true
8 info comet_back@1.0.0 Failed to exec start script
9 verbose stack Error: comet_back@1.0.0 start: `nodemon app.js`
9 verbose stack Exit status 1
9 verbose stack     at EventEmitter.<anonymous> (/home/david_cf/.nvm/versions/io.js/v2.5.0/lib/node_modules/npm/lib/utils/lifecycle.js:214:16)
9 verbose stack     at emitTwo (events.js:87:13)
9 verbose stack     at EventEmitter.emit (events.js:172:7)
9 verbose stack     at ChildProcess.<anonymous> (/home/david_cf/.nvm/versions/io.js/v2.5.0/lib/node_modules/npm/lib/utils/spawn.js:24:14)
9 verbose stack     at emitTwo (events.js:87:13)
9 verbose stack     at ChildProcess.emit (events.js:172:7)
9 verbose stack     at maybeClose (internal/child_process.js:764:16)
9 verbose stack     at Process.ChildProcess._handle.onexit (internal/child_process.js:211:5)
10 verbose pkgid comet_back@1.0.0
11 verbose cwd /home/david_cf/Coding/Development/CometSW/Comet_back
12 error Linux 6.17.0-23-generic
13 error argv "/home/david_cf/.nvm/versions/io.js/v2.5.0/bin/iojs" "/home/david_cf/.nvm/versions/io.js/v2.5.0/bin/npm" "run" "start"
14 error node v2.5.0
15 error npm  v2.13.2
16 error code ELIFECYCLE
17 error comet_back@1.0.0 start: `nodemon app.js`
17 error Exit status 1
18 error Failed at the comet_back@1.0.0 start script 'nodemon app.js'.
18 error This is most likely a problem with the comet_back package,
18 error not with npm itself.
18 error Tell the author that this fails on your system:
18 error     nodemon app.js
18 error You can get their info via:
18 error     npm owner ls comet_back
18 error There is likely additional logging output above.
19 verbose exit [ 1, true ]
